2023-09-18 12:02:12,389 - INFO - ----------------------------------
2023-09-18 12:02:12,432 - INFO - Ciclo de reloj: 0
2023-09-18 12:02:12,432 - INFO - CPU: Idle
2023-09-18 12:02:12,433 - INFO - none
2023-09-18 12:02:12,433 - INFO - 
 Ready processes queue
2023-09-18 12:02:12,433 - INFO - None
2023-09-18 12:02:12,433 - INFO - 
 blocked processes queue
2023-09-18 12:02:12,433 - INFO -  None
2023-09-18 12:02:12,433 - INFO - 
Events
2023-09-18 12:02:12,433 - INFO - Next process will be created in : 1
2023-09-18 12:02:13,435 - INFO - ----------------------------------
2023-09-18 12:02:13,435 - INFO - Ciclo de reloj: 1
2023-09-18 12:02:13,435 - INFO - CPU: Idle
2023-09-18 12:02:13,436 - INFO - none
2023-09-18 12:02:13,436 - INFO - 
 Ready processes queue
2023-09-18 12:02:13,437 - INFO - None
2023-09-18 12:02:13,437 - INFO - 
 blocked processes queue
2023-09-18 12:02:13,438 - INFO -  None
2023-09-18 12:02:13,438 - INFO - 
Events
2023-09-18 12:02:13,438 - INFO - Next process will be created in : 0
2023-09-18 12:02:13,438 - INFO - Process 1 Will be created
2023-09-18 12:02:13,438 - INFO - Process 1 assigned to CPU
2023-09-18 12:02:14,450 - INFO - ----------------------------------
2023-09-18 12:02:14,450 - INFO - Ciclo de reloj: 2
2023-09-18 12:02:14,451 - INFO - CPU: Bussy
2023-09-18 12:02:14,451 - INFO - -> Process: 1
2023-09-18 12:02:14,451 - INFO - Id: 1, Life Time: 16/16, Next IO: 1/1, IO: 2/2, Status: Running, quantum: 3
2023-09-18 12:02:14,451 - INFO - 
 Ready processes queue
2023-09-18 12:02:14,451 - INFO - None
2023-09-18 12:02:14,451 - INFO - 
 blocked processes queue
2023-09-18 12:02:14,451 - INFO -  None
2023-09-18 12:02:14,451 - INFO - 
Events
2023-09-18 12:02:14,452 - INFO - Next process will be created in : 4
2023-09-18 12:02:15,452 - INFO - ----------------------------------
2023-09-18 12:02:15,453 - INFO - Ciclo de reloj: 3
2023-09-18 12:02:15,453 - INFO - CPU: Bussy
2023-09-18 12:02:15,453 - INFO - -> Process: 1
2023-09-18 12:02:15,453 - INFO - Id: 1, Life Time: 15/16, Next IO: 0/1, IO: 2/2, Status: Running, quantum: 2
2023-09-18 12:02:15,453 - INFO - 
 Ready processes queue
2023-09-18 12:02:15,453 - INFO - None
2023-09-18 12:02:15,454 - INFO - 
 blocked processes queue
2023-09-18 12:02:15,454 - INFO -  None
2023-09-18 12:02:15,454 - INFO - 
Events
2023-09-18 12:02:15,454 - INFO - Next process will be created in : 3
2023-09-18 12:02:15,454 - INFO - Process 1 assigned to blocked processes queue
2023-09-18 12:02:16,454 - INFO - ----------------------------------
2023-09-18 12:02:16,455 - INFO - Ciclo de reloj: 4
2023-09-18 12:02:16,455 - INFO - CPU: Idle
2023-09-18 12:02:16,455 - INFO - none
2023-09-18 12:02:16,455 - INFO - 
 Ready processes queue
2023-09-18 12:02:16,455 - INFO - None
2023-09-18 12:02:16,456 - INFO - 
 blocked processes queue
2023-09-18 12:02:16,456 - INFO - -> Process -> 1
2023-09-18 12:02:16,456 - INFO - Id: 1, Life Time: 15/16, Next IO: 1/1, IO: 2/2, Status: Blocked, quantum: 0
2023-09-18 12:02:16,456 - INFO - 
Events
2023-09-18 12:02:16,456 - INFO - Next process will be created in : 2
2023-09-18 12:02:17,457 - INFO - ----------------------------------
2023-09-18 12:02:17,457 - INFO - Ciclo de reloj: 5
2023-09-18 12:02:17,457 - INFO - CPU: Idle
2023-09-18 12:02:17,458 - INFO - none
2023-09-18 12:02:17,458 - INFO - 
 Ready processes queue
2023-09-18 12:02:17,458 - INFO - None
2023-09-18 12:02:17,458 - INFO - 
 blocked processes queue
2023-09-18 12:02:17,458 - INFO - -> Process -> 1
2023-09-18 12:02:17,458 - INFO - Id: 1, Life Time: 15/16, Next IO: 1/1, IO: 1/2, Status: Blocked, quantum: 0
2023-09-18 12:02:17,458 - INFO - 
Events
2023-09-18 12:02:17,458 - INFO - Next process will be created in : 1
2023-09-18 12:02:18,459 - INFO - ----------------------------------
2023-09-18 12:02:18,460 - INFO - Ciclo de reloj: 6
2023-09-18 12:02:18,460 - INFO - CPU: Idle
2023-09-18 12:02:18,460 - INFO - none
2023-09-18 12:02:18,460 - INFO - 
 Ready processes queue
2023-09-18 12:02:18,460 - INFO - None
2023-09-18 12:02:18,461 - INFO - 
 blocked processes queue
2023-09-18 12:02:18,461 - INFO - -> Process -> 1
2023-09-18 12:02:18,461 - INFO - Id: 1, Life Time: 15/16, Next IO: 1/1, IO: 0/2, Status: Blocked, quantum: 0
2023-09-18 12:02:18,461 - INFO - 
Events
2023-09-18 12:02:18,462 - INFO - Next process will be created in : 0
2023-09-18 12:02:18,463 - INFO - Process 1 assigned to ready processes queue
2023-09-18 12:02:18,463 - INFO - Process 2 Will be created
2023-09-18 12:02:18,463 - INFO - Process 1 assigned to CPU
2023-09-18 12:02:19,464 - INFO - ----------------------------------
2023-09-18 12:02:19,464 - INFO - Ciclo de reloj: 7
2023-09-18 12:02:19,465 - INFO - CPU: Bussy
2023-09-18 12:02:19,465 - INFO - -> Process: 1
2023-09-18 12:02:19,465 - INFO - Id: 1, Life Time: 15/16, Next IO: 1/1, IO: 2/2, Status: Running, quantum: 3
2023-09-18 12:02:19,465 - INFO - 
 Ready processes queue
2023-09-18 12:02:19,465 - INFO - -> Process -> 2
2023-09-18 12:02:19,465 - INFO - Id: 2, Life Time: 15/15, Next IO: 4/4, IO: 4/4, Status: Ready, quantum: 0
2023-09-18 12:02:19,465 - INFO - 
 blocked processes queue
2023-09-18 12:02:19,465 - INFO -  None
2023-09-18 12:02:19,465 - INFO - 
Events
2023-09-18 12:02:19,466 - INFO - Next process will be created in : 1
2023-09-18 12:02:20,466 - INFO - ----------------------------------
2023-09-18 12:02:20,466 - INFO - Ciclo de reloj: 8
2023-09-18 12:02:20,466 - INFO - CPU: Bussy
2023-09-18 12:02:20,466 - INFO - -> Process: 1
2023-09-18 12:02:20,466 - INFO - Id: 1, Life Time: 14/16, Next IO: 0/1, IO: 2/2, Status: Running, quantum: 2
2023-09-18 12:02:20,466 - INFO - 
 Ready processes queue
2023-09-18 12:02:20,466 - INFO - -> Process -> 2
2023-09-18 12:02:20,467 - INFO - Id: 2, Life Time: 15/15, Next IO: 4/4, IO: 4/4, Status: Ready, quantum: 0
2023-09-18 12:02:20,467 - INFO - 
 blocked processes queue
2023-09-18 12:02:20,467 - INFO -  None
2023-09-18 12:02:20,467 - INFO - 
Events
2023-09-18 12:02:20,467 - INFO - Next process will be created in : 0
2023-09-18 12:02:20,467 - INFO - Process 3 Will be created
2023-09-18 12:02:20,467 - INFO - Process 1 assigned to blocked processes queue
2023-09-18 12:02:20,467 - INFO - Process 2 assigned to CPU
2023-09-18 12:02:21,475 - INFO - ----------------------------------
2023-09-18 12:02:21,475 - INFO - Ciclo de reloj: 9
2023-09-18 12:02:21,475 - INFO - CPU: Bussy
2023-09-18 12:02:21,475 - INFO - -> Process: 2
2023-09-18 12:02:21,476 - INFO - Id: 2, Life Time: 15/15, Next IO: 4/4, IO: 4/4, Status: Running, quantum: 3
2023-09-18 12:02:21,476 - INFO - 
 Ready processes queue
2023-09-18 12:02:21,476 - INFO - -> Process -> 3
2023-09-18 12:02:21,476 - INFO - Id: 3, Life Time: 16/16, Next IO: 2/2, IO: 3/3, Status: Ready, quantum: 0
2023-09-18 12:02:21,476 - INFO - 
 blocked processes queue
2023-09-18 12:02:21,476 - INFO - -> Process -> 1
2023-09-18 12:02:21,476 - INFO - Id: 1, Life Time: 14/16, Next IO: 1/1, IO: 2/2, Status: Blocked, quantum: 0
2023-09-18 12:02:21,477 - INFO - 
Events
2023-09-18 12:02:21,477 - INFO - Next process will be created in : 1
